# JRE version: OpenJDK Runtime Environment (11.0.11+9) (build 11.0.11+9-b60-7590822)
# Java VM: OpenJDK 64-Bit Server VM (11.0.11+9-b60-7590822, mixed mode, tiered, compressed oops, g1 gc, windows-amd64)
Heap:
 garbage-first heap   total 247808K, used 197517K [0x0000000080000000, 0x0000000100000000)
  region size 1024K, 69 young (70656K), 4 survivors (4096K)
 Metaspace       used 103757K, capacity 106323K, committed 106524K, reserved 1140736K
  class space    used 13414K, capacity 14438K, committed 14464K, reserved 1048576K
GC Heap History (20 events):
Event: 76.398 GC heap before
{Heap before GC invocations=66 (full 0):
 garbage-first heap   total 247808K, used 178176K [0x0000000080000000, 0x0000000100000000)
  region size 1024K, 55 young (56320K), 6 survivors (6144K)
 Metaspace       used 100851K, capacity 103294K, committed 103452K, reserved 1138688K
  class space    used 13133K, capacity 14116K, committed 14208K, reserved 1048576K
}
Event: 76.428 GC heap after
{Heap after GC invocations=67 (full 0):
 garbage-first heap   total 247808K, used 130060K [0x0000000080000000, 0x0000000100000000)
  region size 1024K, 2 young (2048K), 2 survivors (2048K)
 Metaspace       used 100851K, capacity 103294K, committed 103452K, reserved 1138688K
  class space    used 13133K, capacity 14116K, committed 14208K, reserved 1048576K
}
Event: 78.154 GC heap before
{Heap before GC invocations=68 (full 0):
 garbage-first heap   total 247808K, used 182284K [0x0000000080000000, 0x0000000100000000)
  region size 1024K, 53 young (54272K), 2 survivors (2048K)
 Metaspace       used 101222K, capacity 103590K, committed 103964K, reserved 1138688K
  class space    used 13127K, capacity 14089K, committed 14208K, reserved 1048576K
}
Event: 78.167 GC heap after
{Heap after GC invocations=69 (full 0):
 garbage-first heap   total 247808K, used 129669K [0x0000000080000000, 0x0000000100000000)
  region size 1024K, 1 young (1024K), 1 survivors (1024K)
 Metaspace       used 101222K, capacity 103590K, committed 103964K, reserved 1138688K
  class space    used 13127K, capacity 14089K, committed 14208K, reserved 1048576K
}
Event: 79.249 GC heap before
{Heap before GC invocations=69 (full 0):
 garbage-first heap   total 247808K, used 191109K [0x0000000080000000, 0x0000000100000000)
  region size 1024K, 61 young (62464K), 1 survivors (1024K)
 Metaspace       used 101369K, capacity 103732K, committed 103964K, reserved 1138688K
  class space    used 13128K, capacity 14091K, committed 14208K, reserved 1048576K
}
Event: 79.261 GC heap after
{Heap after GC invocations=70 (full 0):
 garbage-first heap   total 247808K, used 129852K [0x0000000080000000, 0x0000000100000000)
  region size 1024K, 2 young (2048K), 2 survivors (2048K)
 Metaspace       used 101369K, capacity 103732K, committed 103964K, reserved 1138688K
  class space    used 13128K, capacity 14091K, committed 14208K, reserved 1048576K
}
Event: 80.922 GC heap before
{Heap before GC invocations=71 (full 0):
 garbage-first heap   total 247808K, used 192316K [0x0000000080000000, 0x0000000100000000)
  region size 1024K, 63 young (64512K), 2 survivors (2048K)
 Metaspace       used 101686K, capacity 104143K, committed 104476K, reserved 1140736K
  class space    used 13156K, capacity 14118K, committed 14208K, reserved 1048576K
}
Event: 80.950 GC heap after
{Heap after GC invocations=72 (full 0):
 garbage-first heap   total 247808K, used 130063K [0x0000000080000000, 0x0000000100000000)
  region size 1024K, 2 young (2048K), 2 survivors (2048K)
 Metaspace       used 101686K, capacity 104143K, committed 104476K, reserved 1140736K
  class space    used 13156K, capacity 14118K, committed 14208K, reserved 1048576K
}
Event: 81.860 GC heap before
{Heap before GC invocations=72 (full 0):
 garbage-first heap   total 247808K, used 201743K [0x0000000080000000, 0x0000000100000000)
  region size 1024K, 72 young (73728K), 2 survivors (2048K)
 Metaspace       used 101795K, capacity 104216K, committed 104476K, reserved 1140736K
  class space    used 13168K, capacity 14118K, committed 14208K, reserved 1048576K
}
Event: 81.879 GC heap after
{Heap after GC invocations=73 (full 0):
 garbage-first heap   total 247808K, used 130529K [0x0000000080000000, 0x0000000100000000)
  region size 1024K, 2 young (2048K), 2 survivors (2048K)
 Metaspace       used 101795K, capacity 104216K, committed 104476K, reserved 1140736K
  class space    used 13168K, capacity 14118K, committed 14208K, reserved 1048576K
}
Event: 83.435 GC heap before
{Heap before GC invocations=74 (full 0):
 garbage-first heap   total 247808K, used 204257K [0x0000000080000000, 0x0000000100000000)
  region size 1024K, 74 young (75776K), 2 survivors (2048K)
 Metaspace       used 101864K, capacity 104297K, committed 104476K, reserved 1140736K
  class space    used 13170K, capacity 14122K, committed 14208K, reserved 1048576K
}
Event: 83.455 GC heap after
{Heap after GC invocations=75 (full 0):
 garbage-first heap   total 247808K, used 130766K [0x0000000080000000, 0x0000000100000000)
  region size 1024K, 2 young (2048K), 2 survivors (2048K)
 Metaspace       used 101864K, capacity 104297K, committed 104476K, reserved 1140736K
  class space    used 13170K, capacity 14122K, committed 14208K, reserved 1048576K
}
Event: 84.349 GC heap before
{Heap before GC invocations=75 (full 0):
 garbage-first heap   total 247808K, used 205518K [0x0000000080000000, 0x0000000100000000)
  region size 1024K, 75 young (76800K), 2 survivors (2048K)
 Metaspace       used 101898K, capacity 104300K, committed 104476K, reserved 1140736K
  class space    used 13171K, capacity 14123K, committed 14208K, reserved 1048576K
}
Event: 84.367 GC heap after
{Heap after GC invocations=76 (full 0):
 garbage-first heap   total 247808K, used 131337K [0x0000000080000000, 0x0000000100000000)
  region size 1024K, 3 young (3072K), 3 survivors (3072K)
 Metaspace       used 101898K, capacity 104300K, committed 104476K, reserved 1140736K
  class space    used 13171K, capacity 14123K, committed 14208K, reserved 1048576K
}
Event: 85.821 GC heap before
{Heap before GC invocations=77 (full 0):
 garbage-first heap   total 247808K, used 206089K [0x0000000080000000, 0x0000000100000000)
  region size 1024K, 76 young (77824K), 3 survivors (3072K)
 Metaspace       used 102098K, capacity 104552K, committed 104860K, reserved 1140736K
  class space    used 13200K, capacity 14184K, committed 14336K, reserved 1048576K
}
Event: 85.844 GC heap after
{Heap after GC invocations=78 (full 0):
 garbage-first heap   total 247808K, used 131670K [0x0000000080000000, 0x0000000100000000)
  region size 1024K, 3 young (3072K), 3 survivors (3072K)
 Metaspace       used 102098K, capacity 104552K, committed 104860K, reserved 1140736K
  class space    used 13200K, capacity 14184K, committed 14336K, reserved 1048576K
}
Event: 87.665 GC heap before
{Heap before GC invocations=78 (full 0):
 garbage-first heap   total 247808K, used 207446K [0x0000000080000000, 0x0000000100000000)
  region size 1024K, 77 young (78848K), 3 survivors (3072K)
 Metaspace       used 103323K, capacity 105810K, committed 106012K, reserved 1140736K
  class space    used 13357K, capacity 14383K, committed 14464K, reserved 1048576K
}
Event: 87.692 GC heap after
{Heap after GC invocations=79 (full 0):
 garbage-first heap   total 247808K, used 133442K [0x0000000080000000, 0x0000000100000000)
  region size 1024K, 5 young (5120K), 5 survivors (5120K)
 Metaspace       used 103323K, capacity 105810K, committed 106012K, reserved 1140736K
  class space    used 13357K, capacity 14383K, committed 14464K, reserved 1048576K
}
Event: 92.843 GC heap before
{Heap before GC invocations=80 (full 0):
 garbage-first heap   total 247808K, used 210242K [0x0000000080000000, 0x0000000100000000)
  region size 1024K, 79 young (80896K), 5 survivors (5120K)
 Metaspace       used 103747K, capacity 106323K, committed 106524K, reserved 1140736K
  class space    used 13414K, capacity 14438K, committed 14464K, reserved 1048576K
}
Event: 92.875 GC heap after
{Heap after GC invocations=81 (full 0):
 garbage-first heap   total 247808K, used 131981K [0x0000000080000000, 0x0000000100000000)
  region size 1024K, 4 young (4096K), 4 survivors (4096K)
 Metaspace       used 103747K, capacity 106323K, committed 106524K, reserved 1140736K
  class space    used 13414K, capacity 14438K, committed 14464K, reserved 1048576K
}

