# JRE version: OpenJDK Runtime Environment (11.0.11+9) (build 11.0.11+9-b60-7590822)
# Java VM: OpenJDK 64-Bit Server VM (11.0.11+9-b60-7590822, mixed mode, tiered, compressed oops, g1 gc, windows-amd64)
Heap:
 garbage-first heap   total 231424K, used 139485K [0x0000000080000000, 0x0000000100000000)
  region size 1024K, 2 young (2048K), 2 survivors (2048K)
 Metaspace       used 115231K, capacity 117846K, committed 118012K, reserved 1153024K
  class space    used 14442K, capacity 15442K, committed 15488K, reserved 1048576K
GC Heap History (20 events):
Event: 185.247 GC heap after
{Heap after GC invocations=127 (full 0):
 garbage-first heap   total 192512K, used 138196K [0x0000000080000000, 0x0000000100000000)
  region size 1024K, 1 young (1024K), 1 survivors (1024K)
 Metaspace       used 114859K, capacity 117396K, committed 117500K, reserved 1150976K
  class space    used 14396K, capacity 15404K, committed 15488K, reserved 1048576K
}
Event: 185.961 GC heap before
{Heap before GC invocations=127 (full 0):
 garbage-first heap   total 192512K, used 164820K [0x0000000080000000, 0x0000000100000000)
  region size 1024K, 27 young (27648K), 1 survivors (1024K)
 Metaspace       used 114911K, capacity 117465K, committed 117756K, reserved 1150976K
  class space    used 14397K, capacity 15406K, committed 15488K, reserved 1048576K
}
Event: 185.969 GC heap after
{Heap after GC invocations=128 (full 0):
 garbage-first heap   total 192512K, used 138242K [0x0000000080000000, 0x0000000100000000)
  region size 1024K, 2 young (2048K), 2 survivors (2048K)
 Metaspace       used 114911K, capacity 117465K, committed 117756K, reserved 1150976K
  class space    used 14397K, capacity 15406K, committed 15488K, reserved 1048576K
}
Event: 186.579 GC heap before
{Heap before GC invocations=128 (full 0):
 garbage-first heap   total 192512K, used 164866K [0x0000000080000000, 0x0000000100000000)
  region size 1024K, 28 young (28672K), 2 survivors (2048K)
 Metaspace       used 114944K, capacity 117532K, committed 117756K, reserved 1150976K
  class space    used 14397K, capacity 15406K, committed 15488K, reserved 1048576K
}
Event: 186.588 GC heap after
{Heap after GC invocations=129 (full 0):
 garbage-first heap   total 192512K, used 138382K [0x0000000080000000, 0x0000000100000000)
  region size 1024K, 2 young (2048K), 2 survivors (2048K)
 Metaspace       used 114944K, capacity 117532K, committed 117756K, reserved 1150976K
  class space    used 14397K, capacity 15406K, committed 15488K, reserved 1048576K
}
Event: 187.111 GC heap before
{Heap before GC invocations=129 (full 0):
 garbage-first heap   total 192512K, used 165006K [0x0000000080000000, 0x0000000100000000)
  region size 1024K, 28 young (28672K), 2 survivors (2048K)
 Metaspace       used 114963K, capacity 117598K, committed 117756K, reserved 1150976K
  class space    used 14397K, capacity 15406K, committed 15488K, reserved 1048576K
}
Event: 187.122 GC heap after
{Heap after GC invocations=130 (full 0):
 garbage-first heap   total 192512K, used 138555K [0x0000000080000000, 0x0000000100000000)
  region size 1024K, 2 young (2048K), 2 survivors (2048K)
 Metaspace       used 114963K, capacity 117598K, committed 117756K, reserved 1150976K
  class space    used 14397K, capacity 15406K, committed 15488K, reserved 1048576K
}
Event: 187.704 GC heap before
{Heap before GC invocations=130 (full 0):
 garbage-first heap   total 192512K, used 166203K [0x0000000080000000, 0x0000000100000000)
  region size 1024K, 29 young (29696K), 2 survivors (2048K)
 Metaspace       used 115081K, capacity 117699K, committed 117756K, reserved 1150976K
  class space    used 14427K, capacity 15438K, committed 15488K, reserved 1048576K
}
Event: 187.720 GC heap after
{Heap after GC invocations=131 (full 0):
 garbage-first heap   total 192512K, used 138624K [0x0000000080000000, 0x0000000100000000)
  region size 1024K, 2 young (2048K), 2 survivors (2048K)
 Metaspace       used 115081K, capacity 117699K, committed 117756K, reserved 1150976K
  class space    used 14427K, capacity 15438K, committed 15488K, reserved 1048576K
}
Event: 188.445 GC heap before
{Heap before GC invocations=131 (full 0):
 garbage-first heap   total 192512K, used 167296K [0x0000000080000000, 0x0000000100000000)
  region size 1024K, 30 young (30720K), 2 survivors (2048K)
 Metaspace       used 115097K, capacity 117699K, committed 117756K, reserved 1150976K
  class space    used 14427K, capacity 15438K, committed 15488K, reserved 1048576K
}
Event: 188.457 GC heap after
{Heap after GC invocations=132 (full 0):
 garbage-first heap   total 192512K, used 138786K [0x0000000080000000, 0x0000000100000000)
  region size 1024K, 2 young (2048K), 2 survivors (2048K)
 Metaspace       used 115097K, capacity 117699K, committed 117756K, reserved 1150976K
  class space    used 14427K, capacity 15438K, committed 15488K, reserved 1048576K
}
Event: 189.315 GC heap before
{Heap before GC invocations=132 (full 0):
 garbage-first heap   total 192512K, used 167458K [0x0000000080000000, 0x0000000100000000)
  region size 1024K, 30 young (30720K), 2 survivors (2048K)
 Metaspace       used 115136K, capacity 117763K, committed 118012K, reserved 1153024K
  class space    used 14437K, capacity 15438K, committed 15488K, reserved 1048576K
}
Event: 189.330 GC heap after
{Heap after GC invocations=133 (full 0):
 garbage-first heap   total 192512K, used 138922K [0x0000000080000000, 0x0000000100000000)
  region size 1024K, 2 young (2048K), 2 survivors (2048K)
 Metaspace       used 115136K, capacity 117763K, committed 118012K, reserved 1153024K
  class space    used 14437K, capacity 15438K, committed 15488K, reserved 1048576K
}
Event: 189.984 GC heap before
{Heap before GC invocations=133 (full 0):
 garbage-first heap   total 192512K, used 167594K [0x0000000080000000, 0x0000000100000000)
  region size 1024K, 30 young (30720K), 2 survivors (2048K)
 Metaspace       used 115155K, capacity 117763K, committed 118012K, reserved 1153024K
  class space    used 14439K, capacity 15438K, committed 15488K, reserved 1048576K
}
Event: 189.996 GC heap after
{Heap after GC invocations=134 (full 0):
 garbage-first heap   total 192512K, used 139152K [0x0000000080000000, 0x0000000100000000)
  region size 1024K, 2 young (2048K), 2 survivors (2048K)
 Metaspace       used 115155K, capacity 117763K, committed 118012K, reserved 1153024K
  class space    used 14439K, capacity 15438K, committed 15488K, reserved 1048576K
}
Event: 190.579 GC heap before
{Heap before GC invocations=134 (full 0):
 garbage-first heap   total 192512K, used 167824K [0x0000000080000000, 0x0000000100000000)
  region size 1024K, 30 young (30720K), 2 survivors (2048K)
 Metaspace       used 115175K, capacity 117775K, committed 118012K, reserved 1153024K
  class space    used 14441K, capacity 15441K, committed 15488K, reserved 1048576K
}
Event: 190.592 GC heap after
{Heap after GC invocations=135 (full 0):
 garbage-first heap   total 192512K, used 139220K [0x0000000080000000, 0x0000000100000000)
  region size 1024K, 2 young (2048K), 2 survivors (2048K)
 Metaspace       used 115175K, capacity 117775K, committed 118012K, reserved 1153024K
  class space    used 14441K, capacity 15441K, committed 15488K, reserved 1048576K
}
Event: 191.347 GC heap before
{Heap before GC invocations=135 (full 0):
 garbage-first heap   total 192512K, used 167892K [0x0000000080000000, 0x0000000100000000)
  region size 1024K, 30 young (30720K), 2 survivors (2048K)
 Metaspace       used 115216K, capacity 117846K, committed 118012K, reserved 1153024K
  class space    used 14442K, capacity 15442K, committed 15488K, reserved 1048576K
}
Event: 191.359 GC heap after
{Heap after GC invocations=136 (full 0):
 garbage-first heap   total 192512K, used 139411K [0x0000000080000000, 0x0000000100000000)
  region size 1024K, 3 young (3072K), 3 survivors (3072K)
 Metaspace       used 115216K, capacity 117846K, committed 118012K, reserved 1153024K
  class space    used 14442K, capacity 15442K, committed 15488K, reserved 1048576K
}
Event: 192.025 GC heap before
{Heap before GC invocations=136 (full 0):
 garbage-first heap   total 192512K, used 168083K [0x0000000080000000, 0x0000000100000000)
  region size 1024K, 31 young (31744K), 3 survivors (3072K)
 Metaspace       used 115231K, capacity 117846K, committed 118012K, reserved 1153024K
  class space    used 14442K, capacity 15442K, committed 15488K, reserved 1048576K
}

