# JRE version: OpenJDK Runtime Environment (11.0.11+9) (build 11.0.11+9-b60-7590822)
# Java VM: OpenJDK 64-Bit Server VM (11.0.11+9-b60-7590822, mixed mode, tiered, compressed oops, g1 gc, windows-amd64)
Heap:
 garbage-first heap   total 159744K, used 98501K [0x0000000080000000, 0x0000000100000000)
  region size 1024K, 10 young (10240K), 3 survivors (3072K)
 Metaspace       used 78440K, capacity 80425K, committed 80636K, reserved 1120256K
  class space    used 10118K, capacity 10803K, committed 10828K, reserved 1048576K
GC Heap History (20 events):
Event: 65.669 GC heap before
{Heap before GC invocations=79 (full 0):
 garbage-first heap   total 110592K, used 94055K [0x0000000080000000, 0x0000000100000000)
  region size 1024K, 11 young (11264K), 2 survivors (2048K)
 Metaspace       used 69827K, capacity 71560K, committed 71676K, reserved 1112064K
  class space    used 8872K, capacity 9480K, committed 9548K, reserved 1048576K
}
Event: 65.675 GC heap after
{Heap after GC invocations=80 (full 0):
 garbage-first heap   total 110592K, used 85416K [0x0000000080000000, 0x0000000100000000)
  region size 1024K, 2 young (2048K), 2 survivors (2048K)
 Metaspace       used 69827K, capacity 71560K, committed 71676K, reserved 1112064K
  class space    used 8872K, capacity 9480K, committed 9548K, reserved 1048576K
}
Event: 66.106 GC heap before
{Heap before GC invocations=81 (full 0):
 garbage-first heap   total 110592K, used 94632K [0x0000000080000000, 0x0000000100000000)
  region size 1024K, 11 young (11264K), 2 survivors (2048K)
 Metaspace       used 70671K, capacity 72483K, committed 72572K, reserved 1112064K
  class space    used 8993K, capacity 9617K, committed 9676K, reserved 1048576K
}
Event: 66.112 GC heap after
{Heap after GC invocations=82 (full 0):
 garbage-first heap   total 110592K, used 85872K [0x0000000080000000, 0x0000000100000000)
  region size 1024K, 2 young (2048K), 2 survivors (2048K)
 Metaspace       used 70671K, capacity 72483K, committed 72572K, reserved 1112064K
  class space    used 8993K, capacity 9617K, committed 9676K, reserved 1048576K
}
Event: 66.312 GC heap before
{Heap before GC invocations=82 (full 0):
 garbage-first heap   total 110592K, used 87920K [0x0000000080000000, 0x0000000100000000)
  region size 1024K, 5 young (5120K), 2 survivors (2048K)
 Metaspace       used 70951K, capacity 72746K, committed 72956K, reserved 1112064K
  class space    used 9024K, capacity 9683K, committed 9804K, reserved 1048576K
}
Event: 66.325 GC heap after
{Heap after GC invocations=83 (full 0):
 garbage-first heap   total 110592K, used 86267K [0x0000000080000000, 0x0000000100000000)
  region size 1024K, 2 young (2048K), 2 survivors (2048K)
 Metaspace       used 70951K, capacity 72746K, committed 72956K, reserved 1112064K
  class space    used 9024K, capacity 9683K, committed 9804K, reserved 1048576K
}
Event: 66.879 GC heap before
{Heap before GC invocations=84 (full 0):
 garbage-first heap   total 110592K, used 95483K [0x0000000080000000, 0x0000000100000000)
  region size 1024K, 11 young (11264K), 2 survivors (2048K)
 Metaspace       used 71806K, capacity 73577K, committed 73724K, reserved 1114112K
  class space    used 9139K, capacity 9784K, committed 9804K, reserved 1048576K
}
Event: 66.884 GC heap after
{Heap after GC invocations=85 (full 0):
 garbage-first heap   total 110592K, used 86246K [0x0000000080000000, 0x0000000100000000)
  region size 1024K, 1 young (1024K), 1 survivors (1024K)
 Metaspace       used 71806K, capacity 73577K, committed 73724K, reserved 1114112K
  class space    used 9139K, capacity 9784K, committed 9804K, reserved 1048576K
}
Event: 67.330 GC heap before
{Heap before GC invocations=85 (full 0):
 garbage-first heap   total 110592K, used 95462K [0x0000000080000000, 0x0000000100000000)
  region size 1024K, 10 young (10240K), 1 survivors (1024K)
 Metaspace       used 72728K, capacity 74572K, committed 74620K, reserved 1114112K
  class space    used 9258K, capacity 9903K, committed 9932K, reserved 1048576K
}
Event: 67.336 GC heap after
{Heap after GC invocations=86 (full 0):
 garbage-first heap   total 110592K, used 86691K [0x0000000080000000, 0x0000000100000000)
  region size 1024K, 2 young (2048K), 2 survivors (2048K)
 Metaspace       used 72728K, capacity 74572K, committed 74620K, reserved 1114112K
  class space    used 9258K, capacity 9903K, committed 9932K, reserved 1048576K
}
Event: 67.785 GC heap before
{Heap before GC invocations=87 (full 0):
 garbage-first heap   total 110592K, used 94883K [0x0000000080000000, 0x0000000100000000)
  region size 1024K, 10 young (10240K), 2 survivors (2048K)
 Metaspace       used 73489K, capacity 75314K, committed 75516K, reserved 1114112K
  class space    used 9347K, capacity 10001K, committed 10060K, reserved 1048576K
}
Event: 67.793 GC heap after
{Heap after GC invocations=88 (full 0):
 garbage-first heap   total 133120K, used 86910K [0x0000000080000000, 0x0000000100000000)
  region size 1024K, 2 young (2048K), 2 survivors (2048K)
 Metaspace       used 73489K, capacity 75314K, committed 75516K, reserved 1114112K
  class space    used 9347K, capacity 10001K, committed 10060K, reserved 1048576K
}
Event: 68.815 GC heap before
{Heap before GC invocations=88 (full 0):
 garbage-first heap   total 133120K, used 105342K [0x0000000080000000, 0x0000000100000000)
  region size 1024K, 20 young (20480K), 2 survivors (2048K)
 Metaspace       used 74238K, capacity 76136K, committed 76412K, reserved 1116160K
  class space    used 9431K, capacity 10079K, committed 10188K, reserved 1048576K
}
Event: 68.824 GC heap after
{Heap after GC invocations=89 (full 0):
 garbage-first heap   total 133120K, used 88090K [0x0000000080000000, 0x0000000100000000)
  region size 1024K, 3 young (3072K), 3 survivors (3072K)
 Metaspace       used 74238K, capacity 76136K, committed 76412K, reserved 1116160K
  class space    used 9431K, capacity 10079K, committed 10188K, reserved 1048576K
}
Event: 69.197 GC heap before
{Heap before GC invocations=90 (full 0):
 garbage-first heap   total 133120K, used 106522K [0x0000000080000000, 0x0000000100000000)
  region size 1024K, 21 young (21504K), 3 survivors (3072K)
 Metaspace       used 74362K, capacity 76337K, committed 76412K, reserved 1116160K
  class space    used 9455K, capacity 10147K, committed 10188K, reserved 1048576K
}
Event: 69.209 GC heap after
{Heap after GC invocations=91 (full 0):
 garbage-first heap   total 133120K, used 89689K [0x0000000080000000, 0x0000000100000000)
  region size 1024K, 3 young (3072K), 3 survivors (3072K)
 Metaspace       used 74362K, capacity 76337K, committed 76412K, reserved 1116160K
  class space    used 9455K, capacity 10147K, committed 10188K, reserved 1048576K
}
Event: 69.731 GC heap before
{Heap before GC invocations=91 (full 0):
 garbage-first heap   total 133120K, used 108121K [0x0000000080000000, 0x0000000100000000)
  region size 1024K, 21 young (21504K), 3 survivors (3072K)
 Metaspace       used 75318K, capacity 77335K, committed 77564K, reserved 1116160K
  class space    used 9547K, capacity 10245K, committed 10316K, reserved 1048576K
}
Event: 69.742 GC heap after
{Heap after GC invocations=92 (full 0):
 garbage-first heap   total 133120K, used 91294K [0x0000000080000000, 0x0000000100000000)
  region size 1024K, 2 young (2048K), 2 survivors (2048K)
 Metaspace       used 75318K, capacity 77335K, committed 77564K, reserved 1116160K
  class space    used 9547K, capacity 10245K, committed 10316K, reserved 1048576K
}
Event: 70.735 GC heap before
{Heap before GC invocations=93 (full 0):
 garbage-first heap   total 133120K, used 109726K [0x0000000080000000, 0x0000000100000000)
  region size 1024K, 20 young (20480K), 2 survivors (2048K)
 Metaspace       used 77559K, capacity 79546K, committed 79740K, reserved 1118208K
  class space    used 9937K, capacity 10639K, committed 10700K, reserved 1048576K
}
Event: 70.744 GC heap after
{Heap after GC invocations=94 (full 0):
 garbage-first heap   total 159744K, used 92357K [0x0000000080000000, 0x0000000100000000)
  region size 1024K, 3 young (3072K), 3 survivors (3072K)
 Metaspace       used 77559K, capacity 79546K, committed 79740K, reserved 1118208K
  class space    used 9937K, capacity 10639K, committed 10700K, reserved 1048576K
}

